2021-01-17 09:42:38,295 WARN org.springframework.boot.StartupInfoLogger [main] InetAddress.getLocalHost().getHostName() took 5001 milliseconds to respond. Please verify your network configuration (macOS machines may need to add entries to /etc/hosts).
2021-01-17 09:42:43,306 INFO org.djohnson.bootme.pong.BootmePongApplication [main] Starting BootmePongApplication using Java 1.8.0_92 on DavejGo2.local with PID 5920 (/Users/dave/workspace/bootme-pong/target/classes started by dave in /Users/dave/workspace/bootme-pong)
2021-01-17 09:42:43,307 DEBUG org.djohnson.bootme.pong.BootmePongApplication [main] Running with Spring Boot v2.4.1, Spring v5.3.2
2021-01-17 09:42:43,308 INFO org.djohnson.bootme.pong.BootmePongApplication [main] The following profiles are active: dev
2021-01-17 09:42:43,918 INFO org.springframework.boot.web.embedded.tomcat.TomcatWebServer [main] Tomcat initialized with port(s): 8090 (http)
2021-01-17 09:42:43,925 INFO org.apache.catalina.core.StandardService [main] Starting service [Tomcat]
2021-01-17 09:42:43,926 INFO org.apache.catalina.core.StandardEngine [main] Starting Servlet engine: [Apache Tomcat/9.0.41]
2021-01-17 09:42:43,965 INFO org.apache.catalina.core.ContainerBase.[Tomcat].[localhost].[/] [main] Initializing Spring embedded WebApplicationContext
2021-01-17 09:42:43,965 INFO org.springframework.boot.web.servlet.context.ServletWebServerApplicationContext [main] Root WebApplicationContext: initialization completed in 612 ms
2021-01-17 09:42:44,094 INFO org.springframework.scheduling.concurrent.ThreadPoolTaskExecutor [main] Initializing ExecutorService 'applicationTaskExecutor'
2021-01-17 09:42:44,242 INFO org.springframework.boot.web.embedded.tomcat.TomcatWebServer [main] Tomcat started on port(s): 8090 (http) with context path ''
2021-01-17 09:42:44,249 INFO org.djohnson.bootme.pong.BootmePongApplication [main] Started BootmePongApplication in 16.289 seconds (JVM running for 21.92)
2021-01-17 09:42:51,985 INFO org.apache.catalina.core.ContainerBase.[Tomcat].[localhost].[/] [http-nio-8090-exec-1] Initializing Spring DispatcherServlet 'dispatcherServlet'
2021-01-17 09:42:51,986 INFO org.springframework.web.servlet.DispatcherServlet [http-nio-8090-exec-1] Initializing Servlet 'dispatcherServlet'
2021-01-17 09:42:51,986 INFO org.springframework.web.servlet.DispatcherServlet [http-nio-8090-exec-1] Completed initialization in 0 ms
2021-01-17 09:42:57,892 INFO org.springframework.boot.admin.SpringApplicationAdminMXBeanRegistrar$SpringApplicationAdmin [RMI TCP Connection(2)-127.0.0.1] Application shutdown requested.
2021-01-17 09:42:57,917 INFO org.springframework.scheduling.concurrent.ThreadPoolTaskExecutor [RMI TCP Connection(2)-127.0.0.1] Shutting down ExecutorService 'applicationTaskExecutor'
2021-01-17 09:45:25,481 WARN org.springframework.boot.StartupInfoLogger [main] InetAddress.getLocalHost().getHostName() took 5001 milliseconds to respond. Please verify your network configuration (macOS machines may need to add entries to /etc/hosts).
2021-01-17 09:45:30,491 INFO org.djohnson.bootme.pong.BootmePongApplication [main] Starting BootmePongApplication using Java 1.8.0_92 on DavejGo2.local with PID 5940 (/Users/dave/workspace/bootme-pong/target/classes started by dave in /Users/dave/workspace/bootme-pong)
2021-01-17 09:45:30,492 DEBUG org.djohnson.bootme.pong.BootmePongApplication [main] Running with Spring Boot v2.4.1, Spring v5.3.2
2021-01-17 09:45:30,492 INFO org.djohnson.bootme.pong.BootmePongApplication [main] The following profiles are active: dev
2021-01-17 09:45:31,099 INFO org.springframework.boot.web.embedded.tomcat.TomcatWebServer [main] Tomcat initialized with port(s): 8090 (http)
2021-01-17 09:45:31,108 INFO org.apache.catalina.core.StandardService [main] Starting service [Tomcat]
2021-01-17 09:45:31,108 INFO org.apache.catalina.core.StandardEngine [main] Starting Servlet engine: [Apache Tomcat/9.0.41]
2021-01-17 09:45:31,150 INFO org.apache.catalina.core.ContainerBase.[Tomcat].[localhost].[/] [main] Initializing Spring embedded WebApplicationContext
2021-01-17 09:45:31,150 INFO org.springframework.boot.web.servlet.context.ServletWebServerApplicationContext [main] Root WebApplicationContext: initialization completed in 614 ms
2021-01-17 09:45:31,280 INFO org.springframework.scheduling.concurrent.ThreadPoolTaskExecutor [main] Initializing ExecutorService 'applicationTaskExecutor'
2021-01-17 09:45:31,431 INFO org.springframework.boot.web.embedded.tomcat.TomcatWebServer [main] Tomcat started on port(s): 8090 (http) with context path ''
2021-01-17 09:45:31,438 INFO org.djohnson.bootme.pong.BootmePongApplication [main] Started BootmePongApplication in 16.301 seconds (JVM running for 21.864)
2021-01-17 09:45:38,293 INFO org.apache.catalina.core.ContainerBase.[Tomcat].[localhost].[/] [http-nio-8090-exec-1] Initializing Spring DispatcherServlet 'dispatcherServlet'
2021-01-17 09:45:38,294 INFO org.springframework.web.servlet.DispatcherServlet [http-nio-8090-exec-1] Initializing Servlet 'dispatcherServlet'
2021-01-17 09:45:38,295 INFO org.springframework.web.servlet.DispatcherServlet [http-nio-8090-exec-1] Completed initialization in 1 ms
2021-01-17 09:45:38,314 DEBUG org.djohnson.bootme.pong.controller.PongController [http-nio-8090-exec-1] accessing pong GET controller
2021-01-17 09:45:44,064 INFO org.springframework.boot.admin.SpringApplicationAdminMXBeanRegistrar$SpringApplicationAdmin [RMI TCP Connection(2)-127.0.0.1] Application shutdown requested.
2021-01-17 09:45:44,090 INFO org.springframework.scheduling.concurrent.ThreadPoolTaskExecutor [RMI TCP Connection(2)-127.0.0.1] Shutting down ExecutorService 'applicationTaskExecutor'
